Assembler report for CV_8052
Sat Mar 09 10:41:43 2019
Quartus Prime Version 18.1.0 Build 625 09/12/2018 SJ Lite Edition


---------------------
; Table of Contents ;
---------------------
  1. Legal Notice
  2. Assembler Summary
  3. Assembler Settings
  4. Assembler Encrypted IP Cores Summary
  5. Assembler Generated Files
  6. Assembler Device Options: C:/Users/allan/Desktop/CPEN 312/Quartus VHDL Files/CV_8052/CV_8052.sof
  7. Assembler Device Options: C:/Users/allan/Desktop/CPEN 312/Quartus VHDL Files/CV_8052/CV_8052.pof
  8. Assembler Messages



----------------
; Legal Notice ;
----------------
Copyright (C) 2018  Intel Corporation. All rights reserved.
Your use of Intel Corporation's design tools, logic functions 
and other software and tools, and its AMPP partner logic 
functions, and any output files from any of the foregoing 
(including device programming or simulation files), and any 
associated documentation or information are expressly subject 
to the terms and conditions of the Intel Program License 
Subscription Agreement, the Intel Quartus Prime License Agreement,
the Intel FPGA IP License Agreement, or other applicable license
agreement, including, without limitation, that your use is for
the sole purpose of programming logic devices manufactured by
Intel and sold by Intel or its authorized distributors.  Please
refer to the applicable agreement for further details.



+---------------------------------------------------------------+
; Assembler Summary                                             ;
+-----------------------+---------------------------------------+
; Assembler Status      ; Successful - Sat Mar 09 10:41:43 2019 ;
; Revision Name         ; CV_8052                               ;
; Top-level Entity Name ; CV_8052                               ;
; Family                ; Cyclone V                             ;
; Device                ; 5CEBA4F23C7                           ;
+-----------------------+---------------------------------------+


+----------------------------------+
; Assembler Settings               ;
+--------+---------+---------------+
; Option ; Setting ; Default Value ;
+--------+---------+---------------+


+------------------------------------------------+
; Assembler Encrypted IP Cores Summary           ;
+--------+------------------------+--------------+
; Vendor ; IP Core Name           ; License Type ;
+--------+------------------------+--------------+
; Altera ; Signal Tap (6AF7 BCE1) ; Licensed     ;
; Altera ; Signal Tap (6AF7 BCEC) ; Licensed     ;
+--------+------------------------+--------------+


+------------------------------------------------------------------------+
; Assembler Generated Files                                              ;
+------------------------------------------------------------------------+
; File Name                                                              ;
+------------------------------------------------------------------------+
; C:/Users/allan/Desktop/CPEN 312/Quartus VHDL Files/CV_8052/CV_8052.sof ;
; C:/Users/allan/Desktop/CPEN 312/Quartus VHDL Files/CV_8052/CV_8052.pof ;
+------------------------------------------------------------------------+


+--------------------------------------------------------------------------------------------------+
; Assembler Device Options: C:/Users/allan/Desktop/CPEN 312/Quartus VHDL Files/CV_8052/CV_8052.sof ;
+----------------+---------------------------------------------------------------------------------+
; Option         ; Setting                                                                         ;
+----------------+---------------------------------------------------------------------------------+
; JTAG usercode  ; 0x02AADB9C                                                                      ;
; Checksum       ; 0x02AADB9C                                                                      ;
+----------------+---------------------------------------------------------------------------------+


+--------------------------------------------------------------------------------------------------+
; Assembler Device Options: C:/Users/allan/Desktop/CPEN 312/Quartus VHDL Files/CV_8052/CV_8052.pof ;
+--------------------+-----------------------------------------------------------------------------+
; Option             ; Setting                                                                     ;
+--------------------+-----------------------------------------------------------------------------+
; JTAG usercode      ; 0x00000000                                                                  ;
; Checksum           ; 0x726DD4AF                                                                  ;
; Compression Ratio  ; 2                                                                           ;
+--------------------+-----------------------------------------------------------------------------+


+--------------------+
; Assembler Messages ;
+--------------------+
Info: *******************************************************************
Info: Running Quartus Prime Assembler
    Info: Version 18.1.0 Build 625 09/12/2018 SJ Lite Edition
    Info: Processing started: Sat Mar 09 10:41:23 2019
Info: Command: quartus_asm --read_settings_files=off --write_settings_files=off CV_8052 -c CV_8052
Warning (18236): Number of processors has not been specified which may cause overloading on shared machines.  Set the global assignment NUM_PARALLEL_PROCESSORS in your QSF to an appropriate value for best performance.
Info (115030): Assembler is generating device programming files
Info: Quartus Prime Assembler was successful. 0 errors, 1 warning
    Info: Peak virtual memory: 4868 megabytes
    Info: Processing ended: Sat Mar 09 10:41:43 2019
    Info: Elapsed time: 00:00:20
    Info: Total CPU time (on all processors): 00:00:19


