                 -1   $MODDE0CV
0000              1   ;  MODDDE2: Register definition for DE2-8052 softcore
0000              2   ;
0000              3   ;   Copyright (C) 2011  Jesus Calvino-Fraga, jesusc at ece.ubc.ca
0000              4   ;
0000              5   ;   This library is free software; you can redistribute it and/or
0000              6   ;   modify it under the terms of the GNU Lesser General Public
0000              7   ;   License as published by the Free Software Foundation; either
0000              8   ;   version 2.1 of the License, or (at your option) any later version.
0000              9   ;
0000             10   ;   This library is distributed in the hope that it will be useful,
0000             11   ;   but WITHOUT ANY WARRANTY; without even the implied warranty of
0000             12   ;   MERCHANTABILITY or FITNESS FOR A PARTICULAR PURPOSE.  See the GNU
0000             13   ;   Lesser General Public License for more details.
0000             14   ;
0000             15   ;   You should have received a copy of the GNU Lesser General Public
0000             16   ;   License along with this library; if not, write to the Free Software
0000             17   ;   Foundation, Inc., 59 Temple Place, Suite 330, Boston, MA  02111-1307 USA
0000             18   ;
0000             19       
0000             20   P0     DATA  080H  ;PORT 0
0000             21   SP     DATA  081H  ;STACK POINTER
0000             22   DPL    DATA  082H  ;DATA POINTER 0 - LOW BYTE
0000             23   DPH    DATA  083H  ;DATA POINTER 0 - HIGH BYTE
0000             24   DPL1   DATA  084H  ;DATA POINTER 1 - LOW BYTE
0000             25   DPH1   DATA  085H  ;DATA POINTER 1 - HIGH BYTE
0000             26   DPS    DATA  086H  ;DATA POINTER SELECT. DPH1, DPL1 active when DPS.0=1
0000             27   PCON   DATA  087H  ;POWER CONTROL
0000             28   TCON   DATA  088H  ;TIMER CONTROL
0000             29   TMOD   DATA  089H  ;TIMER MODE
0000             30   TL0    DATA  08AH  ;TIMER 0 - LOW BYTE
0000             31   TL1    DATA  08BH  ;TIMER 1 - LOW BYTE
0000             32   TH0    DATA  08CH  ;TIMER 0 - HIGH BYTE
0000             33   TH1    DATA  08DH  ;TIMER 1 - HIGH BYTE
0000             34   P1     DATA  090H  ;PORT 1
0000             35   SCON   DATA  098H  ;SERIAL PORT CONTROL
0000             36   SBUF   DATA  099H  ;SERIAL PORT BUFFER
0000             37   P2     DATA  0A0H  ;PORT 2
0000             38   IE     DATA  0A8H  ;INTERRUPT ENABLE
0000             39   P3     DATA  0B0H  ;PORT 3
0000             40   IP     DATA  0B8H  ;INTERRUPT PRIORITY
0000             41   T2CON  DATA  0C8H  ;TIMER 2 CONTROL
0000             42   T2MOD  DATA  0C9H  ;TIMER 2 MODE
0000             43   RCAP2L DATA  0CAH  ;TIMER 2 CAPTURE REGISTER - LOW BYTE
0000             44   RCAP2H DATA  0CBH  ;TIMER 2 CAPTURE REGISTER - HIGH BYTE
0000             45   TL2    DATA  0CCH  ;TIMER 2 - LOW BYTE
0000             46   TH2    DATA  0CDH  ;TIMER 2 - HIGH BYTE
0000             47   PSW    DATA  0D0H  ;PROGRAM STATUS WORD
0000             48   ACC    DATA  0E0H  ;ACCUMULATOR
0000             49   B      DATA  0F0H  ;MULTIPLICATION REGISTER
0000             50   IT0    BIT   088H  ;TCON.0 - EXT. INTERRUPT 0 TYPE
0000             51   IE0    BIT   089H  ;TCON.1 - EXT. INTERRUPT 0 EDGE FLAG
0000             52   IT1    BIT   08AH  ;TCON.2 - EXT. INTERRUPT 1 TYPE
0000             53   IE1    BIT   08BH  ;TCON.3 - EXT. INTERRUPT 1 EDGE FLAG
0000             54   TR0    BIT   08CH  ;TCON.4 - TIMER 0 ON/OFF CONTROL
0000             55   TF0    BIT   08DH  ;TCON.5 - TIMER 0 OVERFLOW FLAG
0000             56   TR1    BIT   08EH  ;TCON.6 - TIMER 1 ON/OFF CONTROL
0000             57   TF1    BIT   08FH  ;TCON.7 - TIMER 1 OVERFLOW FLAG
0000             58   RI     BIT   098H  ;SCON.0 - RECEIVE INTERRUPT FLAG
0000             59   TI     BIT   099H  ;SCON.1 - TRANSMIT INTERRUPT FLAG
0000             60   RB8    BIT   09AH  ;SCON.2 - RECEIVE BIT 8
0000             61   TB8    BIT   09BH  ;SCON.3 - TRANSMIT BIT 8
0000             62   REN    BIT   09CH  ;SCON.4 - RECEIVE ENABLE
0000             63   SM2    BIT   09DH  ;SCON.5 - SERIAL MODE CONTROL BIT 2
0000             64   SM1    BIT   09EH  ;SCON.6 - SERIAL MODE CONTROL BIT 1
0000             65   SM0    BIT   09FH  ;SCON.7 - SERIAL MODE CONTROL BIT 0
0000             66   EX0    BIT   0A8H  ;IE.0 - EXTERNAL INTERRUPT 0 ENABLE
0000             67   ET0    BIT   0A9H  ;IE.1 - TIMER 0 INTERRUPT ENABLE
0000             68   EX1    BIT   0AAH  ;IE.2 - EXTERNAL INTERRUPT 1 ENABLE
0000             69   ET1    BIT   0ABH  ;IE.3 - TIMER 1 INTERRUPT ENABLE
0000             70   ES     BIT   0ACH  ;IE.4 - SERIAL PORT INTERRUPT ENABLE
0000             71   ET2    BIT   0ADH  ;IE.5 - TIMER 2 INTERRUPT ENABLE
0000             72   EA     BIT   0AFH  ;IE.7 - GLOBAL INTERRUPT ENABLE
0000             73   RXD    BIT   0B0H  ;P3.0 - SERIAL PORT RECEIVE INPUT
0000             74   TXD    BIT   0B1H  ;P3.1 - SERIAL PORT TRANSMIT OUTPUT
0000             75   INT0   BIT   0B2H  ;P3.2 - EXTERNAL INTERRUPT 0 INPUT
0000             76   INT1   BIT   0B3H  ;P3.3 - EXTERNAL INTERRUPT 1 INPUT
0000             77   T0     BIT   0B4H  ;P3.4 - TIMER 0 COUNT INPUT
0000             78   T1     BIT   0B5H  ;P3.5 - TIMER 1 COUNT INPUT
0000             79   WR     BIT   0B6H  ;P3.6 - WRITE CONTROL FOR EXT. MEMORY
0000             80   RD     BIT   0B7H  ;P3.7 - READ CONTROL FOR EXT. MEMORY
0000             81   PX0    BIT   0B8H  ;IP.0 - EXTERNAL INTERRUPT 0 PRIORITY
0000             82   PT0    BIT   0B9H  ;IP.1 - TIMER 0 PRIORITY
0000             83   PX1    BIT   0BAH  ;IP.2 - EXTERNAL INTERRUPT 1 PRIORITY
0000             84   PT1    BIT   0BBH  ;IP.3 - TIMER 1 PRIORITY
0000             85   PS     BIT   0BCH  ;IP.4 - SERIAL PORT PRIORITY
0000             86   PT2    BIT   0BDH  ;IP.5 - TIMER 2 PRIORITY
0000             87   CAP2   BIT   0C8H  ;T2CON.0 - CAPTURE OR RELOAD SELECT
0000             88   CNT2   BIT   0C9H  ;T2CON.1 - TIMER OR COUNTER SELECT
0000             89   TR2    BIT   0CAH  ;T2CON.2 - TIMER 2 ON/OFF CONTROL
0000             90   EXEN2  BIT   0CBH  ;T2CON.3 - TIMER 2 EXTERNAL ENABLE FLAG
0000             91   TCLK   BIT   0CCH  ;T2CON.4 - TRANSMIT CLOCK SELECT
0000             92   RCLK   BIT   0CDH  ;T2CON.5 - RECEIVE CLOCK SELECTT
0000             93   EXF2   BIT   0CEH  ;T2CON.6 - EXTERNAL TRANSITION FLAG
0000             94   TF2    BIT   0CFH  ;T2CON.7 - TIMER 2 OVERFLOW FLAG
0000             95   P      BIT   0D0H  ;PSW.0 - ACCUMULATOR PARITY FLAG
0000             96   OV     BIT   0D2H  ;PSW.2 - OVERFLOW FLAG
0000             97   RS0    BIT   0D3H  ;PSW.3 - REGISTER BANK SELECT 0
0000             98   RS1    BIT   0D4H  ;PSW.4 - REGISTER BANK SELECT 1
0000             99   F0     BIT   0D5H  ;PSW.5 - FLAG 0
0000            100   AC     BIT   0D6H  ;PSW.6 - AUXILIARY CARRY FLAG
0000            101   CY     BIT   0D7H  ;PSW.7 - CARRY FLAG
0000            102   
0000            103   ; For the altera DE2 configured with an 8051/8052 softcore processor
0000            104   ; we have the following extra registers:
0000            105   
0000            106   HEX0   DATA  091H ; Zero turns the segment on
0000            107   HEX1   DATA  092H ; 
0000            108   HEX2   DATA  093H ; 
0000            109   HEX3   DATA  094H ; 
0000            110   HEX4   DATA  08EH ;
0000            111   HEX5   DATA  08FH ;
0000            112   HEX6   DATA  096H ;
0000            113   HEX7   DATA  097H ;
0000            114   
0000            115   P0MOD  DATA  09AH ; Input/output mode bits for port 0.  '1' sets the port to output mode.
0000            116   P1MOD  DATA  09BH ; Input/output mode bits for port 1
0000            117   P2MOD  DATA  09CH ; Input/output mode bits for port 2
0000            118   P3MOD  DATA  09DH ; Input/output mode bits for port 3
0000            119   
0000            120   LEDRA  DATA  0E8H ; LEDs LEDR0 to LEDR7 (bit addressable, ex: LEDRA.1 for LEDR1)
0000            121   LEDRB  DATA  095H ; LEDs LEDR8 to LEDR15
0000            122   LEDRC  DATA  09EH ; LEDs LEDR16, LEDR15, and LEDG8
0000            123   LEDG   DATA  0F8H ; LEDs LEDG0 to LEDG7 (bit addressable, ex: LEDG.3 for LEDG3)
0000            124   SWA    DATA  0E8H ; Switches SW0 to SW7 (bit addressable, ex: SWA.1 for SW1)
0000            125   SWB    DATA  095H ; Switches SW8 to SW15
0000            126   SWC    DATA  09EH ; Switches SW16 and SW17
0000            127   KEY    DATA  0F8H ; KEY1=KEY.1, KEY2=KEY.2, KEY3=KEY.3.  KEY0 is the reset button! 
0000            128   
0000            129   LCD_CMD   DATA 0D8H ;
0000            130   LCD_DATA  DATA 0D9H ;
0000            131   LCD_MOD   DATA 0DAH ; Write 0xff to make LCD_DATA an output
0000            132   LCD_RW    BIT  0D8H ; '0' writes to LCD
0000            133   LCD_EN    BIT  0D9H ; Toggle from '1' to '0'
0000            134   LCD_RS    BIT  0DAH ; '0' for commands, '1' for data
0000            135   LCD_ON    BIT  0DBH ; Write '1' to power the LCD
0000            136   LCD_BLON  BIT  0DCH ; Write '1' to turn on back light
0000            137   
0000            138   FLASH_CMD  data 0DBH ; The control bits of the flash memory:
0000            139   ; bit 0: FL_RST_N  Set to 1 for normal operation
0000            140   ; bit 1: FL_WE_N
0000            141   ; bit 2: FL_OE_N
0000            142   ; bit 3: FL_CE_N
0000            143   FLASH_DATA data 0DCH ; 8-bit data bus of flash memory.
0000            144   FLASH_MOD  data 0DDH ; 0xff makes FLASH_DATA output.  0x00 makes FLASH_DATA input.
0000            145   FLASH_ADD0 data 0E1H ; address bits 0 to 7.
0000            146   FLASH_ADD1 data 0E2H ; address bits 8 to 15.
0000            147   FLASH_ADD2 data 0E3H ; address bits 16 to 21.
0000            148   
0000              2   
0000              3   org 0
0000 75817F       4            mov SP, #7FH
0003 020021       5            ljmp clockprogram
0006              6            
0006              7   Hex_Table:
0006 C0F9A4B0     8            DB 0C0H, 0F9H, 0A4H, 0B0H, 099H
     99
000B 9282F880     9            DB 092H, 082H, 0F8H, 080H, 090H
     90
0010             10            
0030             11   DSEG at 30H
0030             12   S: DS 1
0031             13   M: DS 1
0032             14   H: DS 1
0033             15   
0010             16   CSEG
0010             17            
0010             18   Wait250ms:
0010 7D2D        19            mov R5, #45
0012 8002        20            sjmp L3
0014             21   Wait50ms:
0014 7D09        22            mov R5, #9 
0016 7CFA        23   L3: mov R4, #250
0018 7BFA        24   L2: mov R3, #250
001A DBFE        25   L1: djnz R3, L1
001C DCFA        26            djnz R4, L2
001E DDF6        27            djnz R5, L3
0020 22          28            ret
0021             29   
0021             30   clockprogram:
0021 75E800      31            MOV LEDRA, #0
0024 759500      32            MOV LEDRB, #0
0027             33            ;initialize time and pointers
0027 753000      34            mov S, #00H ;seconds
002A 753100      35            mov M, #00H ;minutes
002D 753212      36            mov H, #12H ;hours
0030             37            
0030 900006      38            mov dptr, #Hex_Table
0033             39            
0033             40   forever:
0033 1200A2      41            lcall Display
0036             42            ;sjmp forever
0036             43            
0036 75F014      44            mov B, #20 ;counter
0039             45   W0: 
0039 30F90F      46            jnb KEY.1, Spressed
003C 30FA27      47            jnb KEY.2, Mpressed
003F 30FB3F      48            jnb KEY.3, Hpressed
0042             49            ;nothing pressed
0042 120014      50            lcall Wait50ms
0045 D5F0F1      51            djnz B, W0
0048 02009C      52            ljmp Next
004B             53   
004B             54   Spressed:
004B 120014      55            lcall Wait50ms ;Debouncing
004E 30F906      56            jnb KEY.1, Spressed2
0051 D5F0E5      57            djnz B, W0 ;not pressed
0054 02009C      58            ljmp Next
0057             59   Spressed2: ;set seconds
0057 1200F3      60            lcall IncrementS
005A 1200A2      61            lcall Display
005D 120010      62            lcall Wait250ms
0060 30F9F4      63            jnb KEY.1, Spressed2 ;wait for release
0063 020033      64            ljmp forever ;released
0066             65            
0066             66   Mpressed:
0066 120014      67            lcall Wait50ms ;Debouncing
0069 30FA06      68            jnb KEY.2, Mpressed2
006C D5F0CA      69            djnz B, W0 ;not pressed
006F 02009C      70            ljmp Next
0072             71   Mpressed2: ;set minutes
0072 1200E2      72            lcall IncrementM
0075 1200A2      73            lcall Display
0078 120010      74            lcall Wait250ms
007B 30FAF4      75            jnb KEY.2, Mpressed2 ;wait for release
007E 020033      76            ljmp forever ;released
0081             77            
0081             78   Hpressed:
0081 120014      79            lcall Wait50ms ;Debouncing
0084 30FB06      80            jnb KEY.3, Hpressed2
0087 D5F0AF      81            djnz B, W0 ;not pressed
008A 02009C      82            ljmp Next
008D             83   Hpressed2: ;set hours
008D 1200D4      84            lcall IncrementH
0090 1200A2      85            lcall Display
0093 120010      86            lcall Wait250ms
0096 30FBF4      87            jnb KEY.3, Hpressed2 ;wait for release
0099 020033      88            ljmp forever ;released
009C             89            
009C             90   Next:
009C 1200F3      91            lcall IncrementS
009F 020033      92            ljmp forever
00A2             93            
00A2             94   Display:
00A2 C0E0        95            push Acc ;save accumulator
00A4             96   
00A4             97            ;display seconds MSDigit
00A4 E530        98            mov A, S
00A6 C4          99            swap A
00A7 540F       100            anl A, #0FH
00A9 93         101            movc A, @A+dptr
00AA F592       102            mov HEX1, A
00AC            103            ;display seconds LSDigit
00AC E530       104            mov A, S
00AE 540F       105            anl A, #0FH
00B0 93         106            movc A, @A+dptr
00B1 F591       107            mov HEX0, A
00B3            108            
00B3            109            ;display minutes MSDigit        
00B3 E531       110            mov A, M
00B5 C4         111            swap A
00B6 540F       112            anl A, #0FH
00B8 93         113            movc A, @A+dptr
00B9 F594       114            mov HEX3, A
00BB            115            ;display minutes LSDigit
00BB E531       116            mov A, M
00BD 540F       117            anl A, #0FH
00BF 93         118            movc A, @A+dptr
00C0 F593       119            mov HEX2, A
00C2            120            
00C2            121            ;display hours MSDigit  
00C2 E532       122            mov A, H
00C4 C4         123            swap A
00C5 540F       124            anl A, #0FH
00C7 93         125            movc A, @A+dptr
00C8 F58F       126            mov HEX5, A
00CA            127            ;display hours LSDigit
00CA E532       128            mov A, H
00CC 540F       129            anl A, #0FH
00CE 93         130            movc A, @A+dptr
00CF F58E       131            mov HEX4, A     
00D1            132            
00D1 D0E0       133            pop Acc
00D3            134            
00D3 22         135            ret ;done displaying
00D4            136            
00D4            137   IncrementH:
00D4 E532       138            mov A, H
00D6 2401       139            add A, #1
00D8 D4         140            da A
00D9 F532       141            mov H, A
00DB B41303     142            cjne A, #13H, Not13
00DE 753201     143            mov H, #01H
00E1            144   Not13:
00E1 22         145            ret
00E2            146            
00E2            147   IncrementM:
00E2 E531       148            mov A, M
00E4 2401       149            add A, #1
00E6 D4         150            da A
00E7 F531       151            mov M, A
00E9 B46006     152            cjne A, #60H, MNot60
00EC 753100     153            mov M, #00H
00EF 1200D4     154            lcall IncrementH
00F2            155   MNot60:
00F2 22         156            ret
00F3            157            
00F3            158   IncrementS:
00F3 E530       159            mov A, S
00F5 2401       160            add A, #1
00F7 D4         161            da A
00F8 F530       162            mov S, A
00FA B46006     163            cjne A, #60H, SNot60
00FD 753000     164            mov S, #00H
0100 1200E2     165            lcall IncrementM
0103            166   SNot60:
0103 22         167            ret
0104            168            
0104            169   EN
