                 -1   $MODDE0CV
0000              1   ;  MODDDE2: Register definition for DE2-8052 softcore
0000              2   ;
0000              3   ;   Copyright (C) 2011  Jesus Calvino-Fraga, jesusc at ece.ubc.ca
0000              4   ;
0000              5   ;   This library is free software; you can redistribute it and/or
0000              6   ;   modify it under the terms of the GNU Lesser General Public
0000              7   ;   License as published by the Free Software Foundation; either
0000              8   ;   version 2.1 of the License, or (at your option) any later version.
0000              9   ;
0000             10   ;   This library is distributed in the hope that it will be useful,
0000             11   ;   but WITHOUT ANY WARRANTY; without even the implied warranty of
0000             12   ;   MERCHANTABILITY or FITNESS FOR A PARTICULAR PURPOSE.  See the GNU
0000             13   ;   Lesser General Public License for more details.
0000             14   ;
0000             15   ;   You should have received a copy of the GNU Lesser General Public
0000             16   ;   License along with this library; if not, write to the Free Software
0000             17   ;   Foundation, Inc., 59 Temple Place, Suite 330, Boston, MA  02111-1307 USA
0000             18   ;
0000             19       
0000             20   P0     DATA  080H  ;PORT 0
0000             21   SP     DATA  081H  ;STACK POINTER
0000             22   DPL    DATA  082H  ;DATA POINTER 0 - LOW BYTE
0000             23   DPH    DATA  083H  ;DATA POINTER 0 - HIGH BYTE
0000             24   DPL1   DATA  084H  ;DATA POINTER 1 - LOW BYTE
0000             25   DPH1   DATA  085H  ;DATA POINTER 1 - HIGH BYTE
0000             26   DPS    DATA  086H  ;DATA POINTER SELECT. DPH1, DPL1 active when DPS.0=1
0000             27   PCON   DATA  087H  ;POWER CONTROL
0000             28   TCON   DATA  088H  ;TIMER CONTROL
0000             29   TMOD   DATA  089H  ;TIMER MODE
0000             30   TL0    DATA  08AH  ;TIMER 0 - LOW BYTE
0000             31   TL1    DATA  08BH  ;TIMER 1 - LOW BYTE
0000             32   TH0    DATA  08CH  ;TIMER 0 - HIGH BYTE
0000             33   TH1    DATA  08DH  ;TIMER 1 - HIGH BYTE
0000             34   P1     DATA  090H  ;PORT 1
0000             35   SCON   DATA  098H  ;SERIAL PORT CONTROL
0000             36   SBUF   DATA  099H  ;SERIAL PORT BUFFER
0000             37   P2     DATA  0A0H  ;PORT 2
0000             38   IE     DATA  0A8H  ;INTERRUPT ENABLE
0000             39   P3     DATA  0B0H  ;PORT 3
0000             40   IP     DATA  0B8H  ;INTERRUPT PRIORITY
0000             41   T2CON  DATA  0C8H  ;TIMER 2 CONTROL
0000             42   T2MOD  DATA  0C9H  ;TIMER 2 MODE
0000             43   RCAP2L DATA  0CAH  ;TIMER 2 CAPTURE REGISTER - LOW BYTE
0000             44   RCAP2H DATA  0CBH  ;TIMER 2 CAPTURE REGISTER - HIGH BYTE
0000             45   TL2    DATA  0CCH  ;TIMER 2 - LOW BYTE
0000             46   TH2    DATA  0CDH  ;TIMER 2 - HIGH BYTE
0000             47   PSW    DATA  0D0H  ;PROGRAM STATUS WORD
0000             48   ACC    DATA  0E0H  ;ACCUMULATOR
0000             49   B      DATA  0F0H  ;MULTIPLICATION REGISTER
0000             50   IT0    BIT   088H  ;TCON.0 - EXT. INTERRUPT 0 TYPE
0000             51   IE0    BIT   089H  ;TCON.1 - EXT. INTERRUPT 0 EDGE FLAG
0000             52   IT1    BIT   08AH  ;TCON.2 - EXT. INTERRUPT 1 TYPE
0000             53   IE1    BIT   08BH  ;TCON.3 - EXT. INTERRUPT 1 EDGE FLAG
0000             54   TR0    BIT   08CH  ;TCON.4 - TIMER 0 ON/OFF CONTROL
0000             55   TF0    BIT   08DH  ;TCON.5 - TIMER 0 OVERFLOW FLAG
0000             56   TR1    BIT   08EH  ;TCON.6 - TIMER 1 ON/OFF CONTROL
0000             57   TF1    BIT   08FH  ;TCON.7 - TIMER 1 OVERFLOW FLAG
0000             58   RI     BIT   098H  ;SCON.0 - RECEIVE INTERRUPT FLAG
0000             59   TI     BIT   099H  ;SCON.1 - TRANSMIT INTERRUPT FLAG
0000             60   RB8    BIT   09AH  ;SCON.2 - RECEIVE BIT 8
0000             61   TB8    BIT   09BH  ;SCON.3 - TRANSMIT BIT 8
0000             62   REN    BIT   09CH  ;SCON.4 - RECEIVE ENABLE
0000             63   SM2    BIT   09DH  ;SCON.5 - SERIAL MODE CONTROL BIT 2
0000             64   SM1    BIT   09EH  ;SCON.6 - SERIAL MODE CONTROL BIT 1
0000             65   SM0    BIT   09FH  ;SCON.7 - SERIAL MODE CONTROL BIT 0
0000             66   EX0    BIT   0A8H  ;IE.0 - EXTERNAL INTERRUPT 0 ENABLE
0000             67   ET0    BIT   0A9H  ;IE.1 - TIMER 0 INTERRUPT ENABLE
0000             68   EX1    BIT   0AAH  ;IE.2 - EXTERNAL INTERRUPT 1 ENABLE
0000             69   ET1    BIT   0ABH  ;IE.3 - TIMER 1 INTERRUPT ENABLE
0000             70   ES     BIT   0ACH  ;IE.4 - SERIAL PORT INTERRUPT ENABLE
0000             71   ET2    BIT   0ADH  ;IE.5 - TIMER 2 INTERRUPT ENABLE
0000             72   EA     BIT   0AFH  ;IE.7 - GLOBAL INTERRUPT ENABLE
0000             73   RXD    BIT   0B0H  ;P3.0 - SERIAL PORT RECEIVE INPUT
0000             74   TXD    BIT   0B1H  ;P3.1 - SERIAL PORT TRANSMIT OUTPUT
0000             75   INT0   BIT   0B2H  ;P3.2 - EXTERNAL INTERRUPT 0 INPUT
0000             76   INT1   BIT   0B3H  ;P3.3 - EXTERNAL INTERRUPT 1 INPUT
0000             77   T0     BIT   0B4H  ;P3.4 - TIMER 0 COUNT INPUT
0000             78   T1     BIT   0B5H  ;P3.5 - TIMER 1 COUNT INPUT
0000             79   WR     BIT   0B6H  ;P3.6 - WRITE CONTROL FOR EXT. MEMORY
0000             80   RD     BIT   0B7H  ;P3.7 - READ CONTROL FOR EXT. MEMORY
0000             81   PX0    BIT   0B8H  ;IP.0 - EXTERNAL INTERRUPT 0 PRIORITY
0000             82   PT0    BIT   0B9H  ;IP.1 - TIMER 0 PRIORITY
0000             83   PX1    BIT   0BAH  ;IP.2 - EXTERNAL INTERRUPT 1 PRIORITY
0000             84   PT1    BIT   0BBH  ;IP.3 - TIMER 1 PRIORITY
0000             85   PS     BIT   0BCH  ;IP.4 - SERIAL PORT PRIORITY
0000             86   PT2    BIT   0BDH  ;IP.5 - TIMER 2 PRIORITY
0000             87   CAP2   BIT   0C8H  ;T2CON.0 - CAPTURE OR RELOAD SELECT
0000             88   CNT2   BIT   0C9H  ;T2CON.1 - TIMER OR COUNTER SELECT
0000             89   TR2    BIT   0CAH  ;T2CON.2 - TIMER 2 ON/OFF CONTROL
0000             90   EXEN2  BIT   0CBH  ;T2CON.3 - TIMER 2 EXTERNAL ENABLE FLAG
0000             91   TCLK   BIT   0CCH  ;T2CON.4 - TRANSMIT CLOCK SELECT
0000             92   RCLK   BIT   0CDH  ;T2CON.5 - RECEIVE CLOCK SELECTT
0000             93   EXF2   BIT   0CEH  ;T2CON.6 - EXTERNAL TRANSITION FLAG
0000             94   TF2    BIT   0CFH  ;T2CON.7 - TIMER 2 OVERFLOW FLAG
0000             95   P      BIT   0D0H  ;PSW.0 - ACCUMULATOR PARITY FLAG
0000             96   OV     BIT   0D2H  ;PSW.2 - OVERFLOW FLAG
0000             97   RS0    BIT   0D3H  ;PSW.3 - REGISTER BANK SELECT 0
0000             98   RS1    BIT   0D4H  ;PSW.4 - REGISTER BANK SELECT 1
0000             99   F0     BIT   0D5H  ;PSW.5 - FLAG 0
0000            100   AC     BIT   0D6H  ;PSW.6 - AUXILIARY CARRY FLAG
0000            101   CY     BIT   0D7H  ;PSW.7 - CARRY FLAG
0000            102   
0000            103   ; For the altera DE2 configured with an 8051/8052 softcore processor
0000            104   ; we have the following extra registers:
0000            105   
0000            106   HEX0   DATA  091H ; Zero turns the segment on
0000            107   HEX1   DATA  092H ; 
0000            108   HEX2   DATA  093H ; 
0000            109   HEX3   DATA  094H ; 
0000            110   HEX4   DATA  08EH ;
0000            111   HEX5   DATA  08FH ;
0000            112   HEX6   DATA  096H ;
0000            113   HEX7   DATA  097H ;
0000            114   
0000            115   P0MOD  DATA  09AH ; Input/output mode bits for port 0.  '1' sets the port to output mode.
0000            116   P1MOD  DATA  09BH ; Input/output mode bits for port 1
0000            117   P2MOD  DATA  09CH ; Input/output mode bits for port 2
0000            118   P3MOD  DATA  09DH ; Input/output mode bits for port 3
0000            119   
0000            120   LEDRA  DATA  0E8H ; LEDs LEDR0 to LEDR7 (bit addressable, ex: LEDRA.1 for LEDR1)
0000            121   LEDRB  DATA  095H ; LEDs LEDR8 to LEDR15
0000            122   LEDRC  DATA  09EH ; LEDs LEDR16, LEDR15, and LEDG8
0000            123   LEDG   DATA  0F8H ; LEDs LEDG0 to LEDG7 (bit addressable, ex: LEDG.3 for LEDG3)
0000            124   SWA    DATA  0E8H ; Switches SW0 to SW7 (bit addressable, ex: SWA.1 for SW1)
0000            125   SWB    DATA  095H ; Switches SW8 to SW15
0000            126   SWC    DATA  09EH ; Switches SW16 and SW17
0000            127   KEY    DATA  0F8H ; KEY1=KEY.1, KEY2=KEY.2, KEY3=KEY.3.  KEY0 is the reset button! 
0000            128   
0000            129   LCD_CMD   DATA 0D8H ;
0000            130   LCD_DATA  DATA 0D9H ;
0000            131   LCD_MOD   DATA 0DAH ; Write 0xff to make LCD_DATA an output
0000            132   LCD_RW    BIT  0D8H ; '0' writes to LCD
0000            133   LCD_EN    BIT  0D9H ; Toggle from '1' to '0'
0000            134   LCD_RS    BIT  0DAH ; '0' for commands, '1' for data
0000            135   LCD_ON    BIT  0DBH ; Write '1' to power the LCD
0000            136   LCD_BLON  BIT  0DCH ; Write '1' to turn on back light
0000            137   
0000            138   FLASH_CMD  data 0DBH ; The control bits of the flash memory:
0000            139   ; bit 0: FL_RST_N  Set to 1 for normal operation
0000            140   ; bit 1: FL_WE_N
0000            141   ; bit 2: FL_OE_N
0000            142   ; bit 3: FL_CE_N
0000            143   FLASH_DATA data 0DCH ; 8-bit data bus of flash memory.
0000            144   FLASH_MOD  data 0DDH ; 0xff makes FLASH_DATA output.  0x00 makes FLASH_DATA input.
0000            145   FLASH_ADD0 data 0E1H ; address bits 0 to 7.
0000            146   FLASH_ADD1 data 0E2H ; address bits 8 to 15.
0000            147   FLASH_ADD2 data 0E3H ; address bits 16 to 21.
0000            148   
0000              2   org 0000b ; origin at 0
0000              3   
0000 758204       4   mov dpl, #low(16900)
0003 758342       5   mov dph, #high(16900)
0006 7880         6   mov R0, #128
0008 020028       7   ljmp check
000B              8       
000B              9   highbigger:
000B E8          10   mov a, r0
000C 2401        11   add a, #1
000E F8          12   mov r0, a
000F 020028      13   ljmp check
0012             14   highlower:
0012 C3          15   clr c
0013 E8          16   mov a, r0
0014 9401        17   subb a, #1
0016 F8          18   mov r0, a
0017 020028      19   ljmp check
001A             20   
001A             21   lowbigger:
001A E8          22   mov a, r0
001B 2401        23   add a, #1
001D F8          24   mov r0, a
001E 020028      25   ljmp check
0021             26   lowlower: 
0021 E8          27   mov a, r0
0022 2401        28   add a, #1
0024 F8          29   mov r0, a
0025 020028      30   ljmp check
0028             31   
0028             32   
0028             33   check:
0028 88F0        34   mov b, R0
002A E8          35   mov a, R0
002B A4          36   mul ab
002C F9          37   mov r1, a
002D AAF0        38   mov r2, b
002F C3          39   clr c
0030 EA          40   mov a, r2
0031 9583        41   subb a, dph 
0033 40D6        42   jc highbigger
0035 E583        43   mov a, dph
0037 9A          44   subb a, r2
0038 40D8        45   jc highlower
003A E9          46   mov a, r1
003B 9582        47   subb a, dpl 
003D 40DB        48   jc lowbigger
003F E582        49   mov a, dpl
0041 99          50   subb a, r1
0042 40DD        51   jc lowlower
0044             52   ;or they're equal
0044 E8          53   mov a, r0
0045 FF          54   mov r7, a
0046             55   END
